<?xml version="1.0" encoding="UTF-8"?>
<testsuite name="TopMenuTest"
           tests="3"
           failures="0"
           errors="0"
           skipped="0"
           time="2.959">
  <properties />
  
  
            <testcase name="verifyUserShouldNavigateToComponentsPageSuccessfully" time="1.004" classname="com.tutorialsninja.demo.testsuite.TopMenuTest" />
                <testcase name="verifyUserShouldNavigateToLaptopsAndNotebooksPageSuccessfully" time="0.947" classname="com.tutorialsninja.demo.testsuite.TopMenuTest" />
                <testcase name="verifyUserShouldNavigateToDesktopsPageSuccessfully" time="1.008" classname="com.tutorialsninja.demo.testsuite.TopMenuTest" />
      
</testsuite>
